<?xml version="1.0" encoding="UTF-8"?>
<testng-results ignored="0" total="2" passed="2" failed="0" skipped="0">
  <reporter-output>
  </reporter-output>
  <suite started-at="2023-12-20T13:00:38Z" name="Default suite" finished-at="2023-12-20T13:01:03Z" duration-ms="25419">
    <groups>
    </groups>
    <test started-at="2023-12-20T13:00:38Z" name="Default test" finished-at="2023-12-20T13:01:03Z" duration-ms="25419">
      <class name="MyTestCases.TC_02">
        <test-method is-config="true" signature="setup()[pri:0, instance:MyTestCases.TC_02@273444fe]" started-at="2023-12-20T13:00:38Z" name="setup" finished-at="2023-12-20T13:00:39Z" duration-ms="1530" status="PASS">
          <reporter-output>
          </reporter-output>
        </test-method> <!-- setup -->
        <test-method signature="logintest()[pri:0, instance:MyTestCases.TC_02@273444fe]" started-at="2023-12-20T13:00:39Z" name="logintest" finished-at="2023-12-20T13:00:50Z" duration-ms="10516" status="PASS">
          <reporter-output>
          </reporter-output>
        </test-method> <!-- logintest -->
        <test-method signature="reviewtest()[pri:0, instance:MyTestCases.TC_02@273444fe]" started-at="2023-12-20T13:00:50Z" name="reviewtest" finished-at="2023-12-20T13:01:03Z" duration-ms="13021" status="PASS">
          <reporter-output>
          </reporter-output>
        </test-method> <!-- reviewtest -->
        <test-method is-config="true" signature="teardown()[pri:0, instance:MyTestCases.TC_02@273444fe]" started-at="2023-12-20T13:01:03Z" name="teardown" finished-at="2023-12-20T13:01:03Z" duration-ms="326" status="PASS">
          <reporter-output>
          </reporter-output>
        </test-method> <!-- teardown -->
      </class> <!-- MyTestCases.TC_02 -->
    </test> <!-- Default test -->
  </suite> <!-- Default suite -->
</testng-results>
